<?xml version="1.0" encoding="UTF-8"?>
<!-- Generated by org.testng.reporters.JUnitXMLReporter -->
<testsuite ignored="0" hostname="LAPTOP-V4V0BJM3" failures="1" tests="2" name="Test" time="55.752" errors="0" timestamp="21 Jan 2022 20:04:13 GMT">
  <testcase classname="com.wallet.qa.testcases.CreatePost" name="CreatePost" time="21.576">
    <failure type="java.lang.AssertionError" message="expected [true] but found [false]">
      <![CDATA[java.lang.AssertionError: expected [true] but found [false]
	at com.wallet.qa.testcases.CreatePost.CreatePost(CreatePost.java:43)
... Removed 29 stack frames]]>
    </failure>
  </testcase> <!-- CreatePost -->
  <testcase classname="com.wallet.qa.testcases.WriteReviewandVerify" name="writeReview" time="21.463"/>
</testsuite> <!-- Test -->
