<?xml version="1.0" encoding="UTF-8"?>
<testng-results ignored="0" total="2" passed="1" failed="1" skipped="0">
  <reporter-output>
    <line>
      <![CDATA[Home Page displayed]]>
    </line>
    <line>
      <![CDATA[<br><img src='C:\Selenium\WalletTest\Screenshot\20220122_013325.png' height='300' width='600'/><br>]]>
    </line>
    <line>
      <![CDATA[<br><img src='C:\Selenium\WalletTest\Screenshot\20220122_013411.png' height='300' width='600'/><br>]]>
    </line>
    <line>
      <![CDATA[Wallet Home Page not loaded]]>
    </line>
  </reporter-output>
  <suite started-at="2022-01-21T20:03:17Z" name="Testing Apps" finished-at="2022-01-21T20:04:13Z" duration-ms="55752">
    <groups>
    </groups>
    <test started-at="2022-01-21T20:03:17Z" name="Test" finished-at="2022-01-21T20:04:13Z" duration-ms="55752">
      <class name="com.wallet.qa.testcases.WriteReviewandVerify">
        <test-method is-config="true" signature="setUp()[pri:0, instance:com.wallet.qa.testcases.WriteReviewandVerify@31f9b85e]" started-at="2022-01-22T01:33:46Z" name="setUp" finished-at="2022-01-22T01:33:49Z" duration-ms="3189" status="PASS">
          <reporter-output>
          </reporter-output>
        </test-method> <!-- setUp -->
        <test-method signature="writeReview()[pri:0, instance:com.wallet.qa.testcases.WriteReviewandVerify@31f9b85e]" started-at="2022-01-22T01:33:49Z" name="writeReview" finished-at="2022-01-22T01:34:11Z" duration-ms="21463" status="PASS">
          <reporter-output>
            <line>
              <![CDATA[<br><img src='C:\Selenium\WalletTest\Screenshot\20220122_013411.png' height='300' width='600'/><br>]]>
            </line>
            <line>
              <![CDATA[Wallet Home Page not loaded]]>
            </line>
          </reporter-output>
        </test-method> <!-- writeReview -->
        <test-method is-config="true" signature="tearDown()[pri:0, instance:com.wallet.qa.testcases.WriteReviewandVerify@31f9b85e]" started-at="2022-01-22T01:34:11Z" name="tearDown" finished-at="2022-01-22T01:34:13Z" duration-ms="1940" status="PASS">
          <reporter-output>
          </reporter-output>
        </test-method> <!-- tearDown -->
      </class> <!-- com.wallet.qa.testcases.WriteReviewandVerify -->
      <class name="com.wallet.qa.testcases.CreatePost">
        <test-method is-config="true" signature="setUp()[pri:0, instance:com.wallet.qa.testcases.CreatePost@762ef0ea]" started-at="2022-01-22T01:33:17Z" name="setUp" finished-at="2022-01-22T01:33:24Z" duration-ms="6824" status="PASS">
          <reporter-output>
          </reporter-output>
        </test-method> <!-- setUp -->
        <test-method signature="CreatePost()[pri:0, instance:com.wallet.qa.testcases.CreatePost@762ef0ea]" started-at="2022-01-22T01:33:24Z" name="CreatePost" finished-at="2022-01-22T01:33:46Z" duration-ms="21576" status="FAIL">
          <exception class="java.lang.AssertionError">
            <message>
              <![CDATA[expected [true] but found [false]]]>
            </message>
            <full-stacktrace>
              <![CDATA[java.lang.AssertionError: expected [true] but found [false]
	at org.testng.Assert.fail(Assert.java:93)
	at org.testng.Assert.failNotEquals(Assert.java:512)
	at org.testng.Assert.assertTrue(Assert.java:41)
	at org.testng.Assert.assertTrue(Assert.java:51)
	at com.wallet.qa.testcases.CreatePost.CreatePost(CreatePost.java:43)
	at java.base/jdk.internal.reflect.NativeMethodAccessorImpl.invoke0(Native Method)
	at java.base/jdk.internal.reflect.NativeMethodAccessorImpl.invoke(NativeMethodAccessorImpl.java:64)
	at java.base/jdk.internal.reflect.DelegatingMethodAccessorImpl.invoke(DelegatingMethodAccessorImpl.java:43)
	at java.base/java.lang.reflect.Method.invoke(Method.java:564)
	at org.testng.internal.MethodInvocationHelper.invokeMethod(MethodInvocationHelper.java:108)
	at org.testng.internal.Invoker.invokeMethod(Invoker.java:661)
	at org.testng.internal.Invoker.invokeTestMethod(Invoker.java:869)
	at org.testng.internal.Invoker.invokeTestMethods(Invoker.java:1193)
	at org.testng.internal.TestMethodWorker.invokeTestMethods(TestMethodWorker.java:126)
	at org.testng.internal.TestMethodWorker.run(TestMethodWorker.java:109)
	at org.testng.TestRunner.privateRun(TestRunner.java:744)
	at org.testng.TestRunner.run(TestRunner.java:602)
	at org.testng.SuiteRunner.runTest(SuiteRunner.java:380)
	at org.testng.SuiteRunner.runSequentially(SuiteRunner.java:375)
	at org.testng.SuiteRunner.privateRun(SuiteRunner.java:340)
	at org.testng.SuiteRunner.run(SuiteRunner.java:289)
	at org.testng.SuiteRunnerWorker.runSuite(SuiteRunnerWorker.java:52)
	at org.testng.SuiteRunnerWorker.run(SuiteRunnerWorker.java:86)
	at org.testng.TestNG.runSuitesSequentially(TestNG.java:1301)
	at org.testng.TestNG.runSuitesLocally(TestNG.java:1226)
	at org.testng.TestNG.runSuites(TestNG.java:1144)
	at org.testng.TestNG.run(TestNG.java:1115)
	at org.testng.remote.AbstractRemoteTestNG.run(AbstractRemoteTestNG.java:115)
	at org.testng.remote.RemoteTestNG.initAndRun(RemoteTestNG.java:251)
	at org.testng.remote.RemoteTestNG.main(RemoteTestNG.java:77)
]]>
            </full-stacktrace>
          </exception> <!-- java.lang.AssertionError -->
          <reporter-output>
            <line>
              <![CDATA[Home Page displayed]]>
            </line>
            <line>
              <![CDATA[<br><img src='C:\Selenium\WalletTest\Screenshot\20220122_013325.png' height='300' width='600'/><br>]]>
            </line>
          </reporter-output>
        </test-method> <!-- CreatePost -->
        <test-method is-config="true" signature="tearDown()[pri:0, instance:com.wallet.qa.testcases.CreatePost@762ef0ea]" started-at="2022-01-22T01:33:46Z" name="tearDown" finished-at="2022-01-22T01:33:46Z" duration-ms="713" status="PASS">
          <reporter-output>
          </reporter-output>
        </test-method> <!-- tearDown -->
      </class> <!-- com.wallet.qa.testcases.CreatePost -->
    </test> <!-- Test -->
  </suite> <!-- Testing Apps -->
</testng-results>
